c:\users\mosta\source\repos\omms_0.1\omms_0.1\debug\vc142.pdb
c:\users\mosta\source\repos\omms_0.1\omms_0.1\debug\vc142.idb
c:\users\mosta\source\repos\omms_0.1\omms_0.1\debug\arrlist.obj
c:\users\mosta\source\repos\omms_0.1\omms_0.1\debug\test.obj
c:\users\mosta\source\repos\omms_0.1\omms_0.1\debug\seller_list.obj
c:\users\mosta\source\repos\omms_0.1\omms_0.1\debug\seller.obj
c:\users\mosta\source\repos\omms_0.1\omms_0.1\debug\products.obj
c:\users\mosta\source\repos\omms_0.1\omms_0.1\debug\customer_list.obj
c:\users\mosta\source\repos\omms_0.1\omms_0.1\debug\customer.obj
c:\users\mosta\source\repos\omms_0.1\omms_0.1\debug\productlist.obj
c:\users\mosta\source\repos\omms_0.1\omms_0.1\debug\cart.obj
c:\users\mosta\source\repos\omms_0.1\debug\omms_0.1.exe
c:\users\mosta\source\repos\omms_0.1\debug\omms_0.1.ilk
c:\users\mosta\source\repos\omms_0.1\debug\omms_0.1.pdb
c:\users\mosta\source\repos\omms_0.1\omms_0.1\debug\omms_0.1.tlog\cl.command.1.tlog
c:\users\mosta\source\repos\omms_0.1\omms_0.1\debug\omms_0.1.tlog\cl.read.1.tlog
c:\users\mosta\source\repos\omms_0.1\omms_0.1\debug\omms_0.1.tlog\cl.write.1.tlog
c:\users\mosta\source\repos\omms_0.1\omms_0.1\debug\omms_0.1.tlog\link.command.1.tlog
c:\users\mosta\source\repos\omms_0.1\omms_0.1\debug\omms_0.1.tlog\link.read.1.tlog
c:\users\mosta\source\repos\omms_0.1\omms_0.1\debug\omms_0.1.tlog\link.write.1.tlog
